<?xml version="1.0" encoding="UTF-8"?>
<!-- Generated by org.testng.reporters.JUnitReportReporter -->
<testsuite hostname="ASHWIN" failures="0" tests="9" name="tests.HomePageAppointmentTest" time="69.624" errors="0" timestamp="2023-10-19T09:39:07 IST" skipped="0">
  <testcase classname="tests.HomePageAppointmentTest" name="addAppointmentWithoutData" time="4.326"/>
  <testcase classname="tests.HomePageAppointmentTest" name="addAppointmentWithoutVisitReason" time="9.717"/>
  <testcase classname="tests.HomePageAppointmentTest" name="addAppointment" time="5.855"/>
  <testcase classname="tests.HomePageAppointmentTest" name="addAppointmentwithoutContactNo" time="8.113"/>
  <testcase classname="tests.HomePageAppointmentTest" name="EditExistingAppointment" time="13.541"/>
  <testcase classname="tests.HomePageAppointmentTest" name="ClickSMSReminder" time="5.368"/>
  <testcase classname="tests.HomePageAppointmentTest" name="ClickAgainSMSReminder" time="5.186"/>
  <testcase classname="tests.HomePageAppointmentTest" name="CancelAppointment" time="5.478"/>
  <testcase classname="tests.HomePageAppointmentTest" name="clickSMSRemainderWithoutProperDetails" time="12.040"/>
</testsuite> <!-- tests.HomePageAppointmentTest -->
