<?xml version="1.0" encoding="UTF-8"?>
<!-- Generated by org.testng.reporters.JUnitReportReporter -->
<testsuite hostname="ASHWIN" failures="0" tests="2" name="tests.TC__011_ViewPrescriptionTest" time="26.831" errors="0" timestamp="2023-11-02T10:29:37 IST" skipped="0">
  <testcase classname="tests.TC__011_ViewPrescriptionTest" name="viewPrescription" time="15.588"/>
  <testcase classname="tests.TC__011_ViewPrescriptionTest" name="patientDetails" time="11.243"/>
</testsuite> <!-- tests.TC__011_ViewPrescriptionTest -->
