<?xml version="1.0" encoding="UTF-8"?>
<!-- Generated by org.testng.reporters.JUnitReportReporter -->
<testsuite hostname="ASHWIN" failures="0" tests="9" name="tests.AddPatientTest" time="126.771" errors="0" timestamp="2023-10-19T10:08:21 IST" skipped="0">
  <testcase classname="tests.AddPatientTest" name="AddPatientDataUploadFile" time="48.245"/>
  <testcase classname="tests.AddPatientTest" name="resetPatientWithData" time="2.171"/>
  <testcase classname="tests.AddPatientTest" name="withoutMandatoryAllData" time="5.369"/>
  <testcase classname="tests.AddPatientTest" name="resetPatientWithoutData" time="2.164"/>
  <testcase classname="tests.AddPatientTest" name="nameWithSpecialCharacter" time="4.413"/>
  <testcase classname="tests.AddPatientTest" name="withIncorrectPhoneNo" time="4.367"/>
  <testcase classname="tests.AddPatientTest" name="withIncorrectPhoneNumberWithSpace" time="10.506"/>
  <testcase classname="tests.AddPatientTest" name="withIncorrectPhoneNoWithNumber0" time="10.491"/>
  <testcase classname="tests.AddPatientTest" name="sameContactNoInEmergencyField" time="39.045"/>
</testsuite> <!-- tests.AddPatientTest -->
