<?xml version="1.0" encoding="UTF-8"?>
<!-- Generated by org.testng.reporters.JUnitReportReporter -->
<testsuite hostname="ASHWIN" failures="0" tests="6" name="tests.AddBillTest" time="111.826" errors="0" timestamp="2023-10-19T10:44:23 IST" skipped="0">
  <testcase classname="tests.AddBillTest" name="saveAndprintBill" time="39.854"/>
  <testcase classname="tests.AddBillTest" name="clickResetBtn" time="12.185"/>
  <testcase classname="tests.AddBillTest" name="printWithoutAddingBillingItem" time="12.381"/>
  <testcase classname="tests.AddBillTest" name="addingIncorrectBillItemDetails" time="21.864"/>
  <testcase classname="tests.AddBillTest" name="printBill" time="16.216"/>
  <testcase classname="tests.AddBillTest" name="downloadBill" time="9.326"/>
</testsuite> <!-- tests.AddBillTest -->
