<?xml version="1.0" encoding="UTF-8"?>
<!-- Generated by org.testng.reporters.JUnitReportReporter -->
<testsuite hostname="ASHWIN" failures="0" tests="2" name="tests.ViewPrescriptionTest" time="6.552" errors="0" timestamp="2023-09-06T10:07:12 IST" skipped="0">
  <testcase classname="tests.ViewPrescriptionTest" name="viewPrescription" time="5.160"/>
  <testcase classname="tests.ViewPrescriptionTest" name="patientDetails" time="1.392"/>
</testsuite> <!-- tests.ViewPrescriptionTest -->
