<?xml version="1.0" encoding="UTF-8"?>
<!-- Generated by org.testng.reporters.JUnitReportReporter -->
<testsuite hostname="ASHWIN" failures="0" tests="4" name="tests.ReportsTest" time="69.486" errors="0" timestamp="2023-10-19T09:39:07 IST" skipped="0">
  <testcase classname="tests.ReportsTest" name="PatientsTab" time="21.332"/>
  <testcase classname="tests.ReportsTest" name="AddPatient" time="43.725"/>
  <testcase classname="tests.ReportsTest" name="dateView" time="2.185"/>
  <testcase classname="tests.ReportsTest" name="cancel" time="2.244"/>
</testsuite> <!-- tests.ReportsTest -->
