<?xml version="1.0" encoding="UTF-8"?>
<!-- Generated by org.testng.reporters.JUnitReportReporter -->
<testsuite hostname="ASHWIN" failures="0" tests="8" name="tests.RegistrationTest" time="43.266" errors="0" timestamp="2023-10-10T09:15:16 IST" skipped="0">
  <testcase classname="tests.RegistrationTest" name="withoutMandatoryAllField" time="7.023"/>
  <testcase classname="tests.RegistrationTest" name="Registration" time="9.143"/>
  <testcase classname="tests.RegistrationTest" name="registerWithExistingDataAgain" time="4.826"/>
  <testcase classname="tests.RegistrationTest" name="withoutConfirmUsernameField" time="6.532"/>
  <testcase classname="tests.RegistrationTest" name="invalidConfirmUsernameField" time="2.277"/>
  <testcase classname="tests.RegistrationTest" name="withoutAgreeTermCheckBox" time="5.512"/>
  <testcase classname="tests.RegistrationTest" name="alreadyAnUser" time="2.548"/>
  <testcase classname="tests.RegistrationTest" name="withClickHelp" time="5.405"/>
</testsuite> <!-- tests.RegistrationTest -->
