<?xml version="1.0" encoding="UTF-8"?>
<!-- Generated by org.testng.reporters.JUnitReportReporter -->
<testsuite hostname="ASHWIN" failures="0" tests="4" name="tests.ReportsTest" time="41.780" errors="0" timestamp="2023-09-06T10:07:12 IST" skipped="0">
  <testcase classname="tests.ReportsTest" name="PatientsTab" time="11.373"/>
  <testcase classname="tests.ReportsTest" name="AddPatient" time="26.427"/>
  <testcase classname="tests.ReportsTest" name="dateView" time="1.449"/>
  <testcase classname="tests.ReportsTest" name="cancel" time="2.531"/>
</testsuite> <!-- tests.ReportsTest -->
