<?xml version="1.0" encoding="UTF-8"?>
<!-- Generated by org.testng.reporters.JUnitReportReporter -->
<testsuite hostname="ASHWIN" failures="0" tests="2" name="tests.ForgetPasswordTest" time="8.310" errors="0" timestamp="2023-10-10T09:15:16 IST" skipped="0">
  <testcase classname="tests.ForgetPasswordTest" name="forgotpassword" time="5.783"/>
  <testcase classname="tests.ForgetPasswordTest" name="BackLoginPage" time="2.527"/>
</testsuite> <!-- tests.ForgetPasswordTest -->
