<?xml version="1.0" encoding="UTF-8"?>
<!-- Generated by org.testng.reporters.JUnitReportReporter -->
<testsuite hostname="ASHWIN" failures="0" tests="6" name="tests.AddBillTest" time="64.499" errors="0" timestamp="2023-09-06T11:26:08 IST" skipped="0">
  <testcase classname="tests.AddBillTest" name="saveAndprintBill" time="19.001"/>
  <testcase classname="tests.AddBillTest" name="clickResetBtn" time="6.218"/>
  <testcase classname="tests.AddBillTest" name="printWithoutAddingBillingItem" time="5.330"/>
  <testcase classname="tests.AddBillTest" name="addingIncorrectBillItemDetails" time="17.150"/>
  <testcase classname="tests.AddBillTest" name="printBill" time="11.099"/>
  <testcase classname="tests.AddBillTest" name="downloadBill" time="5.701"/>
</testsuite> <!-- tests.AddBillTest -->
