<?xml version="1.0" encoding="UTF-8"?>
<!-- Generated by org.testng.reporters.JUnitReportReporter -->
<testsuite hostname="ASHWIN" failures="0" tests="4" name="tests.TC__013_ViewBillTest" time="37.631" errors="0" timestamp="2023-10-23T13:34:46 IST" skipped="0">
  <testcase classname="tests.TC__013_ViewBillTest" name="viewBill" time="13.256"/>
  <testcase classname="tests.TC__013_ViewBillTest" name="printBill" time="6.157"/>
  <testcase classname="tests.TC__013_ViewBillTest" name="downloadBill" time="6.568"/>
  <testcase classname="tests.TC__013_ViewBillTest" name="goToPatientDetails" time="11.650"/>
</testsuite> <!-- tests.TC__013_ViewBillTest -->
