<?xml version="1.0" encoding="UTF-8"?>
<!-- Generated by org.testng.reporters.JUnitReportReporter -->
<testsuite hostname="ASHWIN" failures="0" tests="8" name="tests.RegistrationTest" time="29.337" errors="0" timestamp="2023-09-06T11:39:39 IST" skipped="0">
  <testcase classname="tests.RegistrationTest" name="withoutMandatoryAllField" time="4.262"/>
  <testcase classname="tests.RegistrationTest" name="Registration" time="4.811"/>
  <testcase classname="tests.RegistrationTest" name="registerWithExistingDataAgain" time="4.462"/>
  <testcase classname="tests.RegistrationTest" name="withoutConfirmUsernameField" time="3.933"/>
  <testcase classname="tests.RegistrationTest" name="invalidConfirmUsernameField" time="3.028"/>
  <testcase classname="tests.RegistrationTest" name="withoutAgreeTermCheckBox" time="2.831"/>
  <testcase classname="tests.RegistrationTest" name="alreadyAnUser" time="1.727"/>
  <testcase classname="tests.RegistrationTest" name="withClickHelp" time="4.283"/>
</testsuite> <!-- tests.RegistrationTest -->
