<?xml version="1.0" encoding="UTF-8"?>
<!-- Generated by org.testng.reporters.JUnitReportReporter -->
<testsuite hostname="ASHWIN" failures="0" tests="7" name="tests.AddPatientTest" time="74.704" errors="0" timestamp="2023-09-06T10:07:12 IST" skipped="0">
  <testcase classname="tests.AddPatientTest" name="withoutMandatoryAllData" time="7.276"/>
  <testcase classname="tests.AddPatientTest" name="AddPatient" time="24.735"/>
  <testcase classname="tests.AddPatientTest" name="resetPatientWithData" time="1.221"/>
  <testcase classname="tests.AddPatientTest" name="resetPatientWithoutData" time="4.929"/>
  <testcase classname="tests.AddPatientTest" name="nameWithSpecialCharacter" time="4.795"/>
  <testcase classname="tests.AddPatientTest" name="withIncorrectPhoneNo" time="7.750"/>
  <testcase classname="tests.AddPatientTest" name="sameContactNoInEmergencyField" time="23.998"/>
</testsuite> <!-- tests.AddPatientTest -->
