<?xml version="1.0" encoding="UTF-8"?>
<!-- Generated by org.testng.reporters.JUnitReportReporter -->
<testsuite hostname="ASHWIN" failures="0" tests="10" name="tests.AppointmentsCalenderTest" time="62.149" errors="0" timestamp="2023-08-28T14:47:56 IST" skipped="0">
  <testcase classname="tests.AppointmentsCalenderTest" name="AddAppointmentsCalender" time="7.364"/>
  <testcase classname="tests.AppointmentsCalenderTest" name="AddAppointmentWithoutName" time="4.742"/>
  <testcase classname="tests.AppointmentsCalenderTest" name="AddAppointmentWithoutVisitReason" time="5.091"/>
  <testcase classname="tests.AppointmentsCalenderTest" name="addPatientWithoutContactNo" time="5.473"/>
  <testcase classname="tests.AppointmentsCalenderTest" name="updateWithInvaliedData" time="6.981"/>
  <testcase classname="tests.AppointmentsCalenderTest" name="updateAppointmentWithValidData" time="6.740"/>
  <testcase classname="tests.AppointmentsCalenderTest" name="existingAppointmentInMonth" time="10.770"/>
  <testcase classname="tests.AppointmentsCalenderTest" name="existingAppointmentInWeek" time="8.826"/>
  <testcase classname="tests.AppointmentsCalenderTest" name="existingAppointmentInDay" time="4.251"/>
  <testcase classname="tests.AppointmentsCalenderTest" name="agenda" time="1.911"/>
</testsuite> <!-- tests.AppointmentsCalenderTest -->
