<?xml version="1.0" encoding="UTF-8"?>
<!-- Generated by org.testng.reporters.JUnitReportReporter -->
<testsuite hostname="ASHWIN" failures="0" tests="4" name="tests.LoginTestDDT" time="40.558" errors="0" timestamp="2023-08-31T13:30:32 IST" skipped="0">
  <testcase classname="tests.LoginTestDDT" name="login" time="8.520"/>
  <testcase classname="tests.LoginTestDDT" name="login" time="12.391"/>
  <testcase classname="tests.LoginTestDDT" name="login" time="9.206"/>
  <testcase classname="tests.LoginTestDDT" name="login" time="10.441"/>
</testsuite> <!-- tests.LoginTestDDT -->
