<?xml version="1.0" encoding="UTF-8"?>
<!-- Generated by org.testng.reporters.JUnitReportReporter -->
<testsuite hostname="ASHWIN" failures="0" tests="2" name="tests.ForgetPasswordTest" time="1.958" errors="0" timestamp="2023-08-20T12:44:01 IST" skipped="0">
  <testcase classname="tests.ForgetPasswordTest" name="forgotpassword" time="0.562"/>
  <testcase classname="tests.ForgetPasswordTest" name="BackLoginPage" time="1.396"/>
</testsuite> <!-- tests.ForgetPasswordTest -->
