<?xml version="1.0" encoding="UTF-8"?>
<!-- Generated by org.testng.reporters.JUnitReportReporter -->
<testsuite hostname="ASHWIN" failures="0" tests="2" name="tests.ForgetPasswordTest" time="4.430" errors="0" timestamp="2023-09-06T10:07:12 IST" skipped="0">
  <testcase classname="tests.ForgetPasswordTest" name="forgotpassword" time="1.774"/>
  <testcase classname="tests.ForgetPasswordTest" name="BackLoginPage" time="2.656"/>
</testsuite> <!-- tests.ForgetPasswordTest -->
