<?xml version="1.0" encoding="UTF-8"?>
<!-- Generated by org.testng.reporters.JUnitReportReporter -->
<testsuite hostname="ASHWIN" failures="0" tests="6" name="tests.TC__007_PatientVisitTest" time="149.510" errors="0" timestamp="2023-10-23T13:34:46 IST" skipped="0">
  <testcase classname="tests.TC__007_PatientVisitTest" name="addNewPatientData" time="8.504"/>
  <testcase classname="tests.TC__007_PatientVisitTest" name="patientVisitWithPrimaryComplaintUpload" time="53.749"/>
  <testcase classname="tests.TC__007_PatientVisitTest" name="deleteFile" time="4.648"/>
  <testcase classname="tests.TC__007_PatientVisitTest" name="savePatientVisit" time="8.474"/>
  <testcase classname="tests.TC__007_PatientVisitTest" name="patientVisitWithoutPrimaryComplaint" time="16.338"/>
  <testcase classname="tests.TC__007_PatientVisitTest" name="followup" time="57.797"/>
</testsuite> <!-- tests.TC__007_PatientVisitTest -->
