<?xml version="1.0" encoding="UTF-8"?>
<!-- Generated by org.testng.reporters.JUnitReportReporter -->
<testsuite hostname="ASHWIN" failures="0" tests="2" name="tests.ViewPrescriptionTest" time="17.421" errors="0" timestamp="2023-10-10T09:15:16 IST" skipped="0">
  <testcase classname="tests.ViewPrescriptionTest" name="viewPrescription" time="15.201"/>
  <testcase classname="tests.ViewPrescriptionTest" name="patientDetails" time="2.220"/>
</testsuite> <!-- tests.ViewPrescriptionTest -->
