<?xml version="1.0" encoding="UTF-8"?>
<!-- Generated by org.testng.reporters.JUnitReportReporter -->
<testsuite hostname="ASHWIN" failures="0" tests="9" name="tests.HomePageAppointmentTest" time="41.083" errors="0" timestamp="2023-09-06T11:58:56 IST" skipped="0">
  <testcase classname="tests.HomePageAppointmentTest" name="addAppointmentWithoutData" time="1.570"/>
  <testcase classname="tests.HomePageAppointmentTest" name="addAppointmentWithoutVisitReason" time="1.850"/>
  <testcase classname="tests.HomePageAppointmentTest" name="addAppointment" time="4.692"/>
  <testcase classname="tests.HomePageAppointmentTest" name="addAppointmentwithoutContactNo" time="4.809"/>
  <testcase classname="tests.HomePageAppointmentTest" name="EditExistingAppointment" time="6.056"/>
  <testcase classname="tests.HomePageAppointmentTest" name="ClickSMSReminder" time="5.125"/>
  <testcase classname="tests.HomePageAppointmentTest" name="ClickAgainSMSReminder" time="4.679"/>
  <testcase classname="tests.HomePageAppointmentTest" name="CancelAppointment" time="4.725"/>
  <testcase classname="tests.HomePageAppointmentTest" name="clickSMSRemainderWithoutProperDetails" time="7.577"/>
</testsuite> <!-- tests.HomePageAppointmentTest -->
