<?xml version="1.0" encoding="UTF-8"?>
<!-- Generated by org.testng.reporters.JUnitReportReporter -->
<testsuite hostname="ASHWIN" failures="0" tests="3" name="tests.ViewBillTest" time="9.655" errors="0" timestamp="2023-09-06T10:07:12 IST" skipped="0">
  <testcase classname="tests.ViewBillTest" name="viewBill" time="3.778"/>
  <testcase classname="tests.ViewBillTest" name="printBill" time="2.166"/>
  <testcase classname="tests.ViewBillTest" name="downloadBill" time="3.711"/>
</testsuite> <!-- tests.ViewBillTest -->
