<?xml version="1.0" encoding="UTF-8"?>
<!-- Generated by org.testng.reporters.JUnitReportReporter -->
<testsuite hostname="ASHWIN" failures="0" tests="7" name="tests.ToDoListTest" time="40.114" errors="0" timestamp="2023-10-10T09:15:16 IST" skipped="0">
  <testcase classname="tests.ToDoListTest" name="TodolistWithoutDueDate" time="10.316"/>
  <testcase classname="tests.ToDoListTest" name="withoutTaskDetails" time="5.245"/>
  <testcase classname="tests.ToDoListTest" name="toDoListWithDueDate" time="10.282"/>
  <testcase classname="tests.ToDoListTest" name="CompletedTask" time="4.744"/>
  <testcase classname="tests.ToDoListTest" name="viewCompletedTask" time="2.180"/>
  <testcase classname="tests.ToDoListTest" name="viewOpenTask" time="2.167"/>
  <testcase classname="tests.ToDoListTest" name="deleteTask" time="5.180"/>
</testsuite> <!-- tests.ToDoListTest -->
