<?xml version="1.0" encoding="UTF-8"?>
<!-- Generated by org.testng.reporters.JUnitReportReporter -->
<testsuite hostname="ASHWIN" failures="0" tests="2" name="tests.ViewPrescriptionTest" time="6.502" errors="0" timestamp="2023-08-30T14:36:49 IST" skipped="0">
  <testcase classname="tests.ViewPrescriptionTest" name="viewPrescription" time="5.133"/>
  <testcase classname="tests.ViewPrescriptionTest" name="patientDetails" time="1.369"/>
</testsuite> <!-- tests.ViewPrescriptionTest -->
