<?xml version="1.0" encoding="UTF-8"?>
<!-- Generated by org.testng.reporters.JUnitReportReporter -->
<testsuite hostname="ASHWIN" failures="0" tests="9" name="tests.TC__004_HomePageAppointmentTest" time="69.701" errors="0" timestamp="2023-11-02T10:29:37 IST" skipped="0">
  <testcase classname="tests.TC__004_HomePageAppointmentTest" name="addAppointmentWithoutData" time="4.359"/>
  <testcase classname="tests.TC__004_HomePageAppointmentTest" name="addAppointmentWithoutVisitReason" time="9.955"/>
  <testcase classname="tests.TC__004_HomePageAppointmentTest" name="addAppointment" time="6.000"/>
  <testcase classname="tests.TC__004_HomePageAppointmentTest" name="addAppointmentwithoutContactNo" time="8.111"/>
  <testcase classname="tests.TC__004_HomePageAppointmentTest" name="EditExistingAppointment" time="13.631"/>
  <testcase classname="tests.TC__004_HomePageAppointmentTest" name="ClickSMSReminder" time="5.382"/>
  <testcase classname="tests.TC__004_HomePageAppointmentTest" name="ClickAgainSMSReminder" time="5.243"/>
  <testcase classname="tests.TC__004_HomePageAppointmentTest" name="CancelAppointment" time="4.903"/>
  <testcase classname="tests.TC__004_HomePageAppointmentTest" name="clickSMSRemainderWithoutProperDetails" time="12.117"/>
</testsuite> <!-- tests.TC__004_HomePageAppointmentTest -->
