<?xml version="1.0" encoding="UTF-8"?>
<!-- Generated by org.testng.reporters.JUnitReportReporter -->
<testsuite hostname="ASHWIN" failures="0" tests="10" name="tests.AppointmentsCalenderTest" time="97.945" errors="0" timestamp="2023-08-30T16:04:09 IST" skipped="0">
  <testcase classname="tests.AppointmentsCalenderTest" name="AddAppointmentsCalender" time="7.443"/>
  <testcase classname="tests.AppointmentsCalenderTest" name="AddAppointmentWithoutName" time="4.802"/>
  <testcase classname="tests.AppointmentsCalenderTest" name="AddAppointmentWithoutVisitReason" time="5.147"/>
  <testcase classname="tests.AppointmentsCalenderTest" name="addPatientWithoutContactNo" time="5.508"/>
  <testcase classname="tests.AppointmentsCalenderTest" name="updateWithInvaliedData" time="7.307"/>
  <testcase classname="tests.AppointmentsCalenderTest" name="updateAppointmentWithValidData" time="6.659"/>
  <testcase classname="tests.AppointmentsCalenderTest" name="existingAppointmentInMonth" time="18.194"/>
  <testcase classname="tests.AppointmentsCalenderTest" name="existingAppointmentInWeek" time="15.161"/>
  <testcase classname="tests.AppointmentsCalenderTest" name="existingAppointmentInDay" time="18.508"/>
  <testcase classname="tests.AppointmentsCalenderTest" name="agenda" time="9.216"/>
</testsuite> <!-- tests.AppointmentsCalenderTest -->
