<?xml version="1.0" encoding="UTF-8"?>
<!-- Generated by org.testng.reporters.JUnitReportReporter -->
<testsuite hostname="ASHWIN" failures="0" tests="9" name="tests.HomePageAppointmentTest" time="33.639" errors="0" timestamp="2023-08-28T14:47:56 IST" skipped="0">
  <testcase classname="tests.HomePageAppointmentTest" name="addAppointmentWithoutData" time="1.486"/>
  <testcase classname="tests.HomePageAppointmentTest" name="clickingPlusSign" time="0.154"/>
  <testcase classname="tests.HomePageAppointmentTest" name="addAppointmentWithoutVisitReason" time="1.716"/>
  <testcase classname="tests.HomePageAppointmentTest" name="addAppointment" time="4.736"/>
  <testcase classname="tests.HomePageAppointmentTest" name="addAppointmentwithoutContactNo" time="4.568"/>
  <testcase classname="tests.HomePageAppointmentTest" name="EditExistingAppointment" time="5.877"/>
  <testcase classname="tests.HomePageAppointmentTest" name="ClickSMSReminder" time="5.291"/>
  <testcase classname="tests.HomePageAppointmentTest" name="ClickAgainSMSReminder" time="5.153"/>
  <testcase classname="tests.HomePageAppointmentTest" name="CancelAppointment" time="4.658"/>
</testsuite> <!-- tests.HomePageAppointmentTest -->
