<?xml version="1.0" encoding="UTF-8"?>
<!-- Generated by org.testng.reporters.JUnitReportReporter -->
<testsuite hostname="ASHWIN" failures="0" tests="4" name="tests.LoginTestExcel" time="38.250" errors="0" timestamp="2023-09-05T16:28:27 IST" skipped="0">
  <testcase classname="tests.LoginTestExcel" name="valiedLogin" time="13.031"/>
  <testcase classname="tests.LoginTestExcel" name="InvaliedLogin1" time="9.727"/>
  <testcase classname="tests.LoginTestExcel" name="InvaliedLogin2" time="9.764"/>
  <testcase classname="tests.LoginTestExcel" name="InvaliedLogin3" time="5.728"/>
</testsuite> <!-- tests.LoginTestExcel -->
