<?xml version="1.0" encoding="UTF-8"?>
<!-- Generated by org.testng.reporters.JUnitReportReporter -->
<testsuite hostname="ASHWIN" failures="0" tests="4" name="tests.ReportsTest" time="36.027" errors="0" timestamp="2023-08-30T14:36:49 IST" skipped="0">
  <testcase classname="tests.ReportsTest" name="PatientsTab" time="11.162"/>
  <testcase classname="tests.ReportsTest" name="AddPatient" time="21.007"/>
  <testcase classname="tests.ReportsTest" name="dateView" time="1.432"/>
  <testcase classname="tests.ReportsTest" name="cancel" time="2.426"/>
</testsuite> <!-- tests.ReportsTest -->
