<?xml version="1.0" encoding="UTF-8"?>
<!-- Generated by org.testng.reporters.JUnitReportReporter -->
<testsuite hostname="ASHWIN" failures="0" tests="7" name="tests.ToDoListTest" time="33.805" errors="0" timestamp="2023-08-20T13:28:30 IST" skipped="0">
  <testcase classname="tests.ToDoListTest" name="Todolist" time="7.107"/>
  <testcase classname="tests.ToDoListTest" name="CompletedTask" time="2.704"/>
  <testcase classname="tests.ToDoListTest" name="withoutTaskDetails" time="3.172"/>
  <testcase classname="tests.ToDoListTest" name="withoutDueDate" time="4.323"/>
  <testcase classname="tests.ToDoListTest" name="viewCompletedTask" time="13.138"/>
  <testcase classname="tests.ToDoListTest" name="viewOpenTask" time="0.093"/>
  <testcase classname="tests.ToDoListTest" name="deleteTask" time="3.268"/>
</testsuite> <!-- tests.ToDoListTest -->
