<?xml version="1.0" encoding="UTF-8"?>
<!-- Generated by org.testng.reporters.JUnitReportReporter -->
<testsuite hostname="ASHWIN" failures="0" tests="5" name="tests.ViewPrescriptionTest" time="215.928" errors="0" timestamp="2023-08-20T18:46:15 IST" skipped="0">
  <testcase classname="tests.ViewPrescriptionTest" name="viewPrescription" time="2.877"/>
  <testcase classname="tests.ViewPrescriptionTest" name="printPrescription" time="0.284"/>
  <testcase classname="tests.ViewPrescriptionTest" name="downloadPrescription" time="124.472"/>
  <testcase classname="tests.ViewPrescriptionTest" name="clickingBackButton" time="30.060"/>
  <testcase classname="tests.ViewPrescriptionTest" name="patientDetails" time="58.235"/>
</testsuite> <!-- tests.ViewPrescriptionTest -->
