<?xml version="1.0" encoding="UTF-8"?>
<!-- Generated by org.testng.reporters.JUnitReportReporter -->
<testsuite hostname="ASHWIN" failures="0" tests="9" name="tests.HomePageAppointmentTest" time="12.641" errors="0" timestamp="2023-08-18T21:35:03 IST" skipped="0">
  <testcase classname="tests.HomePageAppointmentTest" name="addAppointmentWithoutData" time="0.281"/>
  <testcase classname="tests.HomePageAppointmentTest" name="clickingPlusSign" time="0.227"/>
  <testcase classname="tests.HomePageAppointmentTest" name="addAppointmentWithoutVisitReason" time="0.488"/>
  <testcase classname="tests.HomePageAppointmentTest" name="addAppointment" time="1.891"/>
  <testcase classname="tests.HomePageAppointmentTest" name="addAppointmentwithoutContactNo" time="2.332"/>
  <testcase classname="tests.HomePageAppointmentTest" name="EditExistingAppointment" time="2.530"/>
  <testcase classname="tests.HomePageAppointmentTest" name="ClickSMSReminder" time="2.360"/>
  <testcase classname="tests.HomePageAppointmentTest" name="ClickAgainSMSReminder" time="1.319"/>
  <testcase classname="tests.HomePageAppointmentTest" name="CancelAppointment" time="1.213"/>
</testsuite> <!-- tests.HomePageAppointmentTest -->
