<?xml version="1.0" encoding="UTF-8"?>
<!-- Generated by org.testng.reporters.JUnitReportReporter -->
<testsuite hostname="ASHWIN" failures="0" tests="1" name="tests.DoctorProfileTest" time="3.155" errors="0" timestamp="2023-08-29T14:05:24 IST" skipped="0">
  <testcase classname="tests.DoctorProfileTest" name="saveDoctorprofile" time="3.155"/>
</testsuite> <!-- tests.DoctorProfileTest -->
