<?xml version="1.0" encoding="UTF-8"?>
<!-- Generated by org.testng.reporters.JUnitReportReporter -->
<testsuite hostname="ASHWIN" failures="0" tests="9" name="tests.TC__004_HomePageAppointmentTest" time="71.668" errors="0" timestamp="2023-10-23T13:34:46 IST" skipped="0">
  <testcase classname="tests.TC__004_HomePageAppointmentTest" name="addAppointmentWithoutData" time="4.286"/>
  <testcase classname="tests.TC__004_HomePageAppointmentTest" name="addAppointmentWithoutVisitReason" time="9.868"/>
  <testcase classname="tests.TC__004_HomePageAppointmentTest" name="addAppointment" time="6.197"/>
  <testcase classname="tests.TC__004_HomePageAppointmentTest" name="addAppointmentwithoutContactNo" time="8.621"/>
  <testcase classname="tests.TC__004_HomePageAppointmentTest" name="EditExistingAppointment" time="13.749"/>
  <testcase classname="tests.TC__004_HomePageAppointmentTest" name="ClickSMSReminder" time="6.539"/>
  <testcase classname="tests.TC__004_HomePageAppointmentTest" name="ClickAgainSMSReminder" time="5.208"/>
  <testcase classname="tests.TC__004_HomePageAppointmentTest" name="CancelAppointment" time="4.923"/>
  <testcase classname="tests.TC__004_HomePageAppointmentTest" name="clickSMSRemainderWithoutProperDetails" time="12.277"/>
</testsuite> <!-- tests.TC__004_HomePageAppointmentTest -->
