<?xml version="1.0" encoding="UTF-8"?>
<!-- Generated by org.testng.reporters.JUnitReportReporter -->
<testsuite hostname="ASHWIN" failures="0" tests="5" name="tests.AddBillTest" time="56.501" errors="0" timestamp="2023-08-30T14:36:49 IST" skipped="0">
  <testcase classname="tests.AddBillTest" name="saveAndprintBill" time="22.565"/>
  <testcase classname="tests.AddBillTest" name="printWithoutAddingBillingItem" time="3.390"/>
  <testcase classname="tests.AddBillTest" name="addingIncorrectBillItemDetails" time="17.194"/>
  <testcase classname="tests.AddBillTest" name="printBill" time="6.558"/>
  <testcase classname="tests.AddBillTest" name="downloadBill" time="6.794"/>
</testsuite> <!-- tests.AddBillTest -->
