<?xml version="1.0" encoding="UTF-8"?>
<!-- Generated by org.testng.reporters.JUnitReportReporter -->
<testsuite hostname="ASHWIN" failures="0" tests="6" name="tests.PatientVisitTest" time="146.919" errors="0" timestamp="2023-10-10T09:15:16 IST" skipped="0">
  <testcase classname="tests.PatientVisitTest" name="addNewPatientData" time="8.548"/>
  <testcase classname="tests.PatientVisitTest" name="patientVisitWithPrimaryComplaintUpload" time="53.561"/>
  <testcase classname="tests.PatientVisitTest" name="deleteFile" time="4.454"/>
  <testcase classname="tests.PatientVisitTest" name="savePatientVisit" time="8.158"/>
  <testcase classname="tests.PatientVisitTest" name="patientVisitWithoutPrimaryComplaint" time="14.794"/>
  <testcase classname="tests.PatientVisitTest" name="followup" time="57.404"/>
</testsuite> <!-- tests.PatientVisitTest -->
