<?xml version="1.0" encoding="UTF-8"?>
<!-- Generated by org.testng.reporters.JUnitReportReporter -->
<testsuite hostname="ASHWIN" failures="0" tests="7" name="tests.AddPrescriptionTest" time="58.390" errors="0" timestamp="2023-08-30T14:36:49 IST" skipped="0">
  <testcase classname="tests.AddPrescriptionTest" name="withoutAddingMedicineField" time="6.187"/>
  <testcase classname="tests.AddPrescriptionTest" name="addPrescription" time="8.284"/>
  <testcase classname="tests.AddPrescriptionTest" name="printPrescription" time="2.195"/>
  <testcase classname="tests.AddPrescriptionTest" name="downloadPrescriptionAgain" time="2.443"/>
  <testcase classname="tests.AddPrescriptionTest" name="clickingBack" time="5.832"/>
  <testcase classname="tests.AddPrescriptionTest" name="cancelAddedMedicineField" time="27.094"/>
  <testcase classname="tests.AddPrescriptionTest" name="withInvaliedMedicineField" time="6.355"/>
</testsuite> <!-- tests.AddPrescriptionTest -->
