<?xml version="1.0" encoding="UTF-8"?>
<!-- Generated by org.testng.reporters.JUnitReportReporter -->
<testsuite hostname="ASHWIN" failures="0" tests="4" name="tests.LoginTestDDT" time="58.197" errors="0" timestamp="2023-10-10T21:45:50 IST" skipped="0">
  <testcase classname="tests.LoginTestDDT" name="login" time="14.092"/>
  <testcase classname="tests.LoginTestDDT" name="login" time="13.676"/>
  <testcase classname="tests.LoginTestDDT" name="login" time="12.724"/>
  <testcase classname="tests.LoginTestDDT" name="login" time="17.705"/>
</testsuite> <!-- tests.LoginTestDDT -->
