<?xml version="1.0" encoding="UTF-8"?>
<!-- Generated by org.testng.reporters.JUnitReportReporter -->
<testsuite hostname="ASHWIN" failures="0" tests="8" name="tests.TC__001_RegistrationTest" time="43.769" errors="0" timestamp="2023-11-02T10:29:37 IST" skipped="0">
  <testcase classname="tests.TC__001_RegistrationTest" name="withoutMandatoryAllField" time="7.156"/>
  <testcase classname="tests.TC__001_RegistrationTest" name="Registration" time="9.357"/>
  <testcase classname="tests.TC__001_RegistrationTest" name="registerWithExistingDataAgain" time="4.969"/>
  <testcase classname="tests.TC__001_RegistrationTest" name="withoutConfirmUsernameField" time="6.518"/>
  <testcase classname="tests.TC__001_RegistrationTest" name="invalidConfirmUsernameField" time="2.336"/>
  <testcase classname="tests.TC__001_RegistrationTest" name="withoutAgreeTermCheckBox" time="5.567"/>
  <testcase classname="tests.TC__001_RegistrationTest" name="alreadyAnUser" time="2.565"/>
  <testcase classname="tests.TC__001_RegistrationTest" name="withClickHelp" time="5.301"/>
</testsuite> <!-- tests.TC__001_RegistrationTest -->
