<?xml version="1.0" encoding="UTF-8"?>
<!-- Generated by org.testng.reporters.JUnitReportReporter -->
<testsuite hostname="ASHWIN" failures="0" tests="9" name="tests.TC__009_AppointmentsCalenderTest" time="250.387" errors="0" timestamp="2023-10-23T13:34:46 IST" skipped="0">
  <testcase classname="tests.TC__009_AppointmentsCalenderTest" name="AddAppointmentsCalender" time="16.278"/>
  <testcase classname="tests.TC__009_AppointmentsCalenderTest" name="AddAppointmentWithoutVisitReason" time="15.690"/>
  <testcase classname="tests.TC__009_AppointmentsCalenderTest" name="addPatientWithoutContactNo" time="15.894"/>
  <testcase classname="tests.TC__009_AppointmentsCalenderTest" name="updateWithInvaliedData" time="14.780"/>
  <testcase classname="tests.TC__009_AppointmentsCalenderTest" name="updateAppointmentWithValidData" time="20.146"/>
  <testcase classname="tests.TC__009_AppointmentsCalenderTest" name="existingAppointmentInMonth" time="43.165"/>
  <testcase classname="tests.TC__009_AppointmentsCalenderTest" name="existingAppointmentInWeek" time="40.033"/>
  <testcase classname="tests.TC__009_AppointmentsCalenderTest" name="existingAppointmentInDay" time="61.136"/>
  <testcase classname="tests.TC__009_AppointmentsCalenderTest" name="agenda" time="23.265"/>
</testsuite> <!-- tests.TC__009_AppointmentsCalenderTest -->
