<?xml version="1.0" encoding="UTF-8"?>
<!-- Generated by org.testng.reporters.JUnitReportReporter -->
<testsuite hostname="ASHWIN" failures="0" tests="3" name="tests.ViewBillTest" time="22.880" errors="0" timestamp="2023-10-10T09:15:16 IST" skipped="0">
  <testcase classname="tests.ViewBillTest" name="viewBill" time="12.994"/>
  <testcase classname="tests.ViewBillTest" name="printBill" time="3.148"/>
  <testcase classname="tests.ViewBillTest" name="downloadBill" time="6.738"/>
</testsuite> <!-- tests.ViewBillTest -->
