<?xml version="1.0" encoding="UTF-8"?>
<!-- Generated by org.testng.reporters.JUnitReportReporter -->
<testsuite hostname="ASHWIN" failures="0" tests="2" name="tests.ForgetPasswordTest" time="4.553" errors="0" timestamp="2023-08-30T14:36:49 IST" skipped="0">
  <testcase classname="tests.ForgetPasswordTest" name="forgotpassword" time="1.850"/>
  <testcase classname="tests.ForgetPasswordTest" name="BackLoginPage" time="2.703"/>
</testsuite> <!-- tests.ForgetPasswordTest -->
