<?xml version="1.0" encoding="UTF-8"?>
<!-- Generated by org.testng.reporters.JUnitReportReporter -->
<testsuite hostname="ASHWIN" failures="0" tests="1" name="tests.TC__012_AddBillTest" time="42.550" errors="0" timestamp="2023-11-02T11:03:57 IST" skipped="0">
  <testcase classname="tests.TC__012_AddBillTest" name="saveAndprintBill" time="42.550"/>
</testsuite> <!-- tests.TC__012_AddBillTest -->
