<?xml version="1.0" encoding="UTF-8"?>
<!-- Generated by org.testng.reporters.JUnitReportReporter -->
<testsuite hostname="ASHWIN" failures="0" tests="6" name="tests.AddPatientTest" time="51.982" errors="0" timestamp="2023-08-28T14:47:56 IST" skipped="0">
  <testcase classname="tests.AddPatientTest" name="withoutMandatoryAllData" time="6.253"/>
  <testcase classname="tests.AddPatientTest" name="AddPatient" time="19.474"/>
  <testcase classname="tests.AddPatientTest" name="resetPatientData" time="1.188"/>
  <testcase classname="tests.AddPatientTest" name="nameWithSpecialCharacter" time="5.018"/>
  <testcase classname="tests.AddPatientTest" name="withIncorrectPhoneNo" time="2.791"/>
  <testcase classname="tests.AddPatientTest" name="sameContactNoInEmergencyField" time="17.258"/>
</testsuite> <!-- tests.AddPatientTest -->
