<?xml version="1.0" encoding="UTF-8"?>
<!-- Generated by org.testng.reporters.JUnitReportReporter -->
<testsuite hostname="ASHWIN" failures="0" tests="7" name="tests.TC__005_ToDoListTest" time="40.984" errors="0" timestamp="2023-10-23T13:34:46 IST" skipped="0">
  <testcase classname="tests.TC__005_ToDoListTest" name="TodolistWithoutDueDate" time="10.701"/>
  <testcase classname="tests.TC__005_ToDoListTest" name="withoutTaskDetails" time="5.267"/>
  <testcase classname="tests.TC__005_ToDoListTest" name="toDoListWithDueDate" time="10.495"/>
  <testcase classname="tests.TC__005_ToDoListTest" name="CompletedTask" time="4.959"/>
  <testcase classname="tests.TC__005_ToDoListTest" name="viewCompletedTask" time="2.180"/>
  <testcase classname="tests.TC__005_ToDoListTest" name="viewOpenTask" time="2.192"/>
  <testcase classname="tests.TC__005_ToDoListTest" name="deleteTask" time="5.190"/>
</testsuite> <!-- tests.TC__005_ToDoListTest -->
