<?xml version="1.0" encoding="UTF-8"?>
<!-- Generated by org.testng.reporters.JUnitReportReporter -->
<testsuite hostname="ASHWIN" failures="0" tests="7" name="tests.TC__010_AddPrescriptionTest" time="96.692" errors="0" timestamp="2023-10-23T13:34:46 IST" skipped="0">
  <testcase classname="tests.TC__010_AddPrescriptionTest" name="withoutAddingMedicineField" time="14.613"/>
  <testcase classname="tests.TC__010_AddPrescriptionTest" name="addPrescription" time="15.744"/>
  <testcase classname="tests.TC__010_AddPrescriptionTest" name="printPrescription" time="8.225"/>
  <testcase classname="tests.TC__010_AddPrescriptionTest" name="downloadPrescriptionAgain" time="4.237"/>
  <testcase classname="tests.TC__010_AddPrescriptionTest" name="clickingBack" time="5.116"/>
  <testcase classname="tests.TC__010_AddPrescriptionTest" name="cancelAddedMedicineField" time="32.596"/>
  <testcase classname="tests.TC__010_AddPrescriptionTest" name="withInvaliedMedicineField" time="16.161"/>
</testsuite> <!-- tests.TC__010_AddPrescriptionTest -->
