<?xml version="1.0" encoding="UTF-8"?>
<!-- Generated by org.testng.reporters.JUnitReportReporter -->
<testsuite hostname="ASHWIN" failures="0" tests="6" name="tests.TC__007_PatientVisitTest" time="147.099" errors="0" timestamp="2023-11-02T10:29:37 IST" skipped="0">
  <testcase classname="tests.TC__007_PatientVisitTest" name="addNewPatientData" time="8.626"/>
  <testcase classname="tests.TC__007_PatientVisitTest" name="patientVisitWithPrimaryComplaintUpload" time="53.550"/>
  <testcase classname="tests.TC__007_PatientVisitTest" name="deleteFile" time="4.502"/>
  <testcase classname="tests.TC__007_PatientVisitTest" name="savePatientVisit" time="7.973"/>
  <testcase classname="tests.TC__007_PatientVisitTest" name="patientVisitWithoutPrimaryComplaint" time="15.205"/>
  <testcase classname="tests.TC__007_PatientVisitTest" name="followup" time="57.243"/>
</testsuite> <!-- tests.TC__007_PatientVisitTest -->
