<?xml version="1.0" encoding="UTF-8"?>
<!-- Generated by org.testng.reporters.JUnitReportReporter -->
<testsuite hostname="ASHWIN" failures="0" tests="2" name="tests.ViewPrescriptionTest" time="27.884" errors="0" timestamp="2023-10-19T09:39:07 IST" skipped="0">
  <testcase classname="tests.ViewPrescriptionTest" name="viewPrescription" time="15.901"/>
  <testcase classname="tests.ViewPrescriptionTest" name="patientDetails" time="11.983"/>
</testsuite> <!-- tests.ViewPrescriptionTest -->
