<?xml version="1.0" encoding="UTF-8"?>
<!-- Generated by org.testng.reporters.JUnitReportReporter -->
<testsuite hostname="ASHWIN" failures="0" tests="6" name="tests.LoginTest" time="40.916" errors="0" timestamp="2023-10-19T09:39:07 IST" skipped="0">
  <testcase classname="tests.LoginTest" name="loginWithoutData" time="4.280"/>
  <testcase classname="tests.LoginTest" name="loginWithoutPassword" time="3.278"/>
  <testcase classname="tests.LoginTest" name="loginWithInvaliedPassword" time="5.938"/>
  <testcase classname="tests.LoginTest" name="incorrectDetails" time="9.227"/>
  <testcase classname="tests.LoginTest" name="loginwithoutRememberMe" time="10.443"/>
  <testcase classname="tests.LoginTest" name="loginWithRememberMe" time="7.750"/>
</testsuite> <!-- tests.LoginTest -->
