<?xml version="1.0" encoding="UTF-8"?>
<!-- Generated by org.testng.reporters.JUnitReportReporter -->
<testsuite hostname="ASHWIN" failures="0" tests="4" name="tests.TC__014_ReportsTest" time="70.611" errors="0" timestamp="2023-11-02T10:29:37 IST" skipped="0">
  <testcase classname="tests.TC__014_ReportsTest" name="PatientsTab" time="21.190"/>
  <testcase classname="tests.TC__014_ReportsTest" name="AddPatient" time="44.868"/>
  <testcase classname="tests.TC__014_ReportsTest" name="dateView" time="2.344"/>
  <testcase classname="tests.TC__014_ReportsTest" name="cancel" time="2.209"/>
</testsuite> <!-- tests.TC__014_ReportsTest -->
