<?xml version="1.0" encoding="UTF-8"?>
<!-- Generated by org.testng.reporters.JUnitReportReporter -->
<testsuite hostname="ASHWIN" failures="0" tests="6" name="tests.LoginTest" time="28.184" errors="0" timestamp="2023-09-06T10:07:12 IST" skipped="0">
  <testcase classname="tests.LoginTest" name="loginWithoutData" time="1.186"/>
  <testcase classname="tests.LoginTest" name="loginWithoutPassword" time="2.233"/>
  <testcase classname="tests.LoginTest" name="loginWithInvaliedPassword" time="4.301"/>
  <testcase classname="tests.LoginTest" name="incorrectDetails" time="6.600"/>
  <testcase classname="tests.LoginTest" name="loginwithoutRememberMe" time="8.837"/>
  <testcase classname="tests.LoginTest" name="loginWithRememberMe" time="5.027"/>
</testsuite> <!-- tests.LoginTest -->
