<?xml version="1.0" encoding="UTF-8"?>
<!-- Generated by org.testng.reporters.JUnitReportReporter -->
<testsuite hostname="ASHWIN" failures="0" tests="1" name="tests.HomePageTest" time="13.010" errors="0" timestamp="2023-10-10T21:43:36 IST" skipped="0">
  <testcase classname="tests.HomePageTest" name="checkTitle" time="13.010"/>
</testsuite> <!-- tests.HomePageTest -->
