<?xml version="1.0" encoding="UTF-8"?>
<!-- Generated by org.testng.reporters.JUnitReportReporter -->
<testsuite hostname="ASHWIN" failures="0" tests="5" name="tests.ViewOrEditTest" time="27.182" errors="0" timestamp="2023-09-06T10:07:12 IST" skipped="0">
  <testcase classname="tests.ViewOrEditTest" name="deleteList" time="7.697"/>
  <testcase classname="tests.ViewOrEditTest" name="updateContactField" time="7.642"/>
  <testcase classname="tests.ViewOrEditTest" name="withoutAddressField" time="3.417"/>
  <testcase classname="tests.ViewOrEditTest" name="withoutMandatoryData" time="7.252"/>
  <testcase classname="tests.ViewOrEditTest" name="cancelEdit" time="1.174"/>
</testsuite> <!-- tests.ViewOrEditTest -->
