<?xml version="1.0" encoding="UTF-8"?>
<!-- Generated by org.testng.reporters.JUnitReportReporter -->
<testsuite hostname="ASHWIN" failures="0" tests="4" name="tests.TC__013_ViewBillTest" time="36.982" errors="0" timestamp="2023-11-02T10:29:37 IST" skipped="0">
  <testcase classname="tests.TC__013_ViewBillTest" name="viewBill" time="13.205"/>
  <testcase classname="tests.TC__013_ViewBillTest" name="printBill" time="6.147"/>
  <testcase classname="tests.TC__013_ViewBillTest" name="downloadBill" time="6.446"/>
  <testcase classname="tests.TC__013_ViewBillTest" name="goToPatientDetails" time="11.184"/>
</testsuite> <!-- tests.TC__013_ViewBillTest -->
