<?xml version="1.0" encoding="UTF-8"?>
<!-- Generated by org.testng.reporters.JUnitReportReporter -->
<testsuite hostname="ASHWIN" failures="0" tests="4" name="tests.LoginTestDDT" time="35.158" errors="0" timestamp="2023-09-06T10:07:12 IST" skipped="0">
  <testcase classname="tests.LoginTestDDT" name="login" time="7.661"/>
  <testcase classname="tests.LoginTestDDT" name="login" time="7.946"/>
  <testcase classname="tests.LoginTestDDT" name="login" time="11.774"/>
  <testcase classname="tests.LoginTestDDT" name="login" time="7.777"/>
</testsuite> <!-- tests.LoginTestDDT -->
