<?xml version="1.0" encoding="UTF-8"?>
<!-- Generated by org.testng.reporters.JUnitReportReporter -->
<testsuite hostname="ASHWIN" failures="0" tests="7" name="tests.ToDoListTest" time="32.657" errors="0" timestamp="2023-08-28T14:59:18 IST" skipped="0">
  <testcase classname="tests.ToDoListTest" name="Todolist" time="8.973"/>
  <testcase classname="tests.ToDoListTest" name="CompletedTask" time="4.177"/>
  <testcase classname="tests.ToDoListTest" name="withoutTaskDetails" time="5.765"/>
  <testcase classname="tests.ToDoListTest" name="withoutDueDate" time="6.183"/>
  <testcase classname="tests.ToDoListTest" name="viewCompletedTask" time="3.200"/>
  <testcase classname="tests.ToDoListTest" name="viewOpenTask" time="1.175"/>
  <testcase classname="tests.ToDoListTest" name="deleteTask" time="3.184"/>
</testsuite> <!-- tests.ToDoListTest -->
