<?xml version="1.0" encoding="UTF-8"?>
<!-- Generated by org.testng.reporters.JUnitReportReporter -->
<testsuite hostname="ASHWIN" failures="0" tests="7" name="tests.AddPrescriptionTest" time="0.211" errors="0" timestamp="2023-08-14T09:35:29 IST" skipped="0">
  <testcase classname="tests.AddPrescriptionTest" name="withoutAddingMedicineField" time="0.007"/>
  <testcase classname="tests.AddPrescriptionTest" name="addPrescription" time="0.015"/>
  <testcase classname="tests.AddPrescriptionTest" name="printPrescription" time="0.146"/>
  <testcase classname="tests.AddPrescriptionTest" name="downloadPrescriptionAgain" time="0.009"/>
  <testcase classname="tests.AddPrescriptionTest" name="clickingBack" time="0.010"/>
  <testcase classname="tests.AddPrescriptionTest" name="cancelAddedMedicineField" time="0.015"/>
  <testcase classname="tests.AddPrescriptionTest" name="withInvaliedMedicineField" time="0.009"/>
</testsuite> <!-- tests.AddPrescriptionTest -->
