<?xml version="1.0" encoding="UTF-8"?>
<!-- Generated by org.testng.reporters.JUnitReportReporter -->
<testsuite hostname="ASHWIN" failures="0" tests="6" name="tests.TC__012_AddBillTest" time="113.004" errors="0" timestamp="2023-10-23T13:34:46 IST" skipped="0">
  <testcase classname="tests.TC__012_AddBillTest" name="saveAndprintBill" time="40.703"/>
  <testcase classname="tests.TC__012_AddBillTest" name="clickResetBtn" time="12.187"/>
  <testcase classname="tests.TC__012_AddBillTest" name="printWithoutAddingBillingItem" time="12.268"/>
  <testcase classname="tests.TC__012_AddBillTest" name="addingIncorrectBillItemDetails" time="22.279"/>
  <testcase classname="tests.TC__012_AddBillTest" name="printBill" time="16.240"/>
  <testcase classname="tests.TC__012_AddBillTest" name="downloadBill" time="9.327"/>
</testsuite> <!-- tests.TC__012_AddBillTest -->
