<?xml version="1.0" encoding="UTF-8"?>
<!-- Generated by org.testng.reporters.JUnitReportReporter -->
<testsuite hostname="ASHWIN" failures="0" tests="7" name="tests.ToDoListTest" time="30.155" errors="0" timestamp="2023-09-06T15:10:06 IST" skipped="0">
  <testcase classname="tests.ToDoListTest" name="Todolist" time="5.308"/>
  <testcase classname="tests.ToDoListTest" name="withoutTaskDetails" time="4.324"/>
  <testcase classname="tests.ToDoListTest" name="withoutDueDate" time="3.998"/>
  <testcase classname="tests.ToDoListTest" name="CompletedTask" time="2.751"/>
  <testcase classname="tests.ToDoListTest" name="viewCompletedTask" time="1.151"/>
  <testcase classname="tests.ToDoListTest" name="viewOpenTask" time="1.099"/>
  <testcase classname="tests.ToDoListTest" name="deleteTask" time="11.524"/>
</testsuite> <!-- tests.ToDoListTest -->
