<?xml version="1.0" encoding="UTF-8"?>
<!-- Generated by org.testng.reporters.JUnitReportReporter -->
<testsuite hostname="ASHWIN" failures="0" tests="5" name="tests.ViewOrEditTest" time="30.403" errors="0" timestamp="2023-08-28T14:47:56 IST" skipped="0">
  <testcase classname="tests.ViewOrEditTest" name="deleteList" time="6.417"/>
  <testcase classname="tests.ViewOrEditTest" name="updateContactField" time="7.481"/>
  <testcase classname="tests.ViewOrEditTest" name="withoutAddressField" time="4.012"/>
  <testcase classname="tests.ViewOrEditTest" name="withoutMandatoryData" time="12.394"/>
  <testcase classname="tests.ViewOrEditTest" name="cancelEdit" time="0.099"/>
</testsuite> <!-- tests.ViewOrEditTest -->
