<?xml version="1.0" encoding="UTF-8"?>
<!-- Generated by org.testng.reporters.JUnitReportReporter -->
<testsuite hostname="ASHWIN" failures="0" tests="8" name="tests.TC__010_AddPrescriptionTest" time="100.243" errors="0" timestamp="2023-11-02T10:29:37 IST" skipped="0">
  <testcase classname="tests.TC__010_AddPrescriptionTest" name="withoutAddingMedicineField" time="14.591"/>
  <testcase classname="tests.TC__010_AddPrescriptionTest" name="addPrescription" time="15.715"/>
  <testcase classname="tests.TC__010_AddPrescriptionTest" name="printPrescription" time="8.176"/>
  <testcase classname="tests.TC__010_AddPrescriptionTest" name="downloadPrescriptionAgain" time="4.335"/>
  <testcase classname="tests.TC__010_AddPrescriptionTest" name="clickingBack" time="5.074"/>
  <testcase classname="tests.TC__010_AddPrescriptionTest" name="cancelAddedMedicineField" time="32.104"/>
  <testcase classname="tests.TC__010_AddPrescriptionTest" name="enterMedicineFieldwithoutAdding" time="8.739"/>
  <testcase classname="tests.TC__010_AddPrescriptionTest" name="withInvaliedMedicineField" time="11.509"/>
</testsuite> <!-- tests.TC__010_AddPrescriptionTest -->
