<?xml version="1.0" encoding="UTF-8"?>
<!-- Generated by org.testng.reporters.JUnitReportReporter -->
<testsuite hostname="ASHWIN" failures="0" tests="10" name="tests.AppointmentsCalenderTest" time="116.233" errors="0" timestamp="2023-09-06T14:22:01 IST" skipped="0">
  <testcase classname="tests.AppointmentsCalenderTest" name="AddAppointmentsCalender" time="7.373"/>
  <testcase classname="tests.AppointmentsCalenderTest" name="AddAppointmentWithoutName" time="4.666"/>
  <testcase classname="tests.AppointmentsCalenderTest" name="AddAppointmentWithoutVisitReason" time="4.906"/>
  <testcase classname="tests.AppointmentsCalenderTest" name="addPatientWithoutContactNo" time="5.317"/>
  <testcase classname="tests.AppointmentsCalenderTest" name="updateWithInvaliedData" time="6.861"/>
  <testcase classname="tests.AppointmentsCalenderTest" name="updateAppointmentWithValidData" time="6.510"/>
  <testcase classname="tests.AppointmentsCalenderTest" name="existingAppointmentInMonth" time="20.698"/>
  <testcase classname="tests.AppointmentsCalenderTest" name="existingAppointmentInWeek" time="18.801"/>
  <testcase classname="tests.AppointmentsCalenderTest" name="existingAppointmentInDay" time="27.081"/>
  <testcase classname="tests.AppointmentsCalenderTest" name="agenda" time="14.020"/>
</testsuite> <!-- tests.AppointmentsCalenderTest -->
