<?xml version="1.0" encoding="UTF-8"?>
<!-- Generated by org.testng.reporters.JUnitReportReporter -->
<testsuite hostname="ASHWIN" failures="0" tests="9" name="tests.TC__009_AppointmentsCalenderTest" time="251.631" errors="0" timestamp="2023-11-02T10:29:37 IST" skipped="0">
  <testcase classname="tests.TC__009_AppointmentsCalenderTest" name="AddAppointmentsCalender" time="16.761"/>
  <testcase classname="tests.TC__009_AppointmentsCalenderTest" name="AddAppointmentWithoutVisitReason" time="15.402"/>
  <testcase classname="tests.TC__009_AppointmentsCalenderTest" name="addPatientWithoutContactNo" time="15.437"/>
  <testcase classname="tests.TC__009_AppointmentsCalenderTest" name="updateWithInvaliedData" time="16.515"/>
  <testcase classname="tests.TC__009_AppointmentsCalenderTest" name="updateAppointmentWithValidData" time="21.879"/>
  <testcase classname="tests.TC__009_AppointmentsCalenderTest" name="existingAppointmentInMonth" time="42.963"/>
  <testcase classname="tests.TC__009_AppointmentsCalenderTest" name="existingAppointmentInWeek" time="39.004"/>
  <testcase classname="tests.TC__009_AppointmentsCalenderTest" name="existingAppointmentInDay" time="60.576"/>
  <testcase classname="tests.TC__009_AppointmentsCalenderTest" name="agenda" time="23.094"/>
</testsuite> <!-- tests.TC__009_AppointmentsCalenderTest -->
