<?xml version="1.0" encoding="UTF-8"?>
<!-- Generated by org.testng.reporters.JUnitReportReporter -->
<testsuite hostname="ASHWIN" failures="0" tests="7" name="tests.TC__005_ToDoListTest" time="43.520" errors="0" timestamp="2023-11-02T10:29:37 IST" skipped="0">
  <testcase classname="tests.TC__005_ToDoListTest" name="TodolistWithoutDueDate" time="10.420"/>
  <testcase classname="tests.TC__005_ToDoListTest" name="withoutTaskDetails" time="5.263"/>
  <testcase classname="tests.TC__005_ToDoListTest" name="toDoListWithDueDate" time="10.466"/>
  <testcase classname="tests.TC__005_ToDoListTest" name="CompletedTask" time="4.815"/>
  <testcase classname="tests.TC__005_ToDoListTest" name="viewCompletedTask" time="2.130"/>
  <testcase classname="tests.TC__005_ToDoListTest" name="viewOpenTask" time="2.212"/>
  <testcase classname="tests.TC__005_ToDoListTest" name="deleteTask" time="8.214"/>
</testsuite> <!-- tests.TC__005_ToDoListTest -->
