<?xml version="1.0" encoding="UTF-8"?>
<!-- Generated by org.testng.reporters.JUnitReportReporter -->
<testsuite hostname="ASHWIN" failures="0" tests="7" name="tests.AddPatientTest" time="73.691" errors="0" timestamp="2023-08-30T17:39:55 IST" skipped="0">
  <testcase classname="tests.AddPatientTest" name="withoutMandatoryAllData" time="7.422"/>
  <testcase classname="tests.AddPatientTest" name="AddPatient" time="25.654"/>
  <testcase classname="tests.AddPatientTest" name="resetPatientWithData" time="1.179"/>
  <testcase classname="tests.AddPatientTest" name="resetPatientWithoutData" time="5.011"/>
  <testcase classname="tests.AddPatientTest" name="nameWithSpecialCharacter" time="4.730"/>
  <testcase classname="tests.AddPatientTest" name="withIncorrectPhoneNo" time="7.491"/>
  <testcase classname="tests.AddPatientTest" name="sameContactNoInEmergencyField" time="22.204"/>
</testsuite> <!-- tests.AddPatientTest -->
