<?xml version="1.0" encoding="UTF-8"?>
<!-- Generated by org.testng.reporters.JUnitReportReporter -->
<testsuite hostname="ASHWIN" failures="0" tests="6" name="tests.TC__002_LoginTest" time="41.361" errors="0" timestamp="2023-11-02T10:29:37 IST" skipped="0">
  <testcase classname="tests.TC__002_LoginTest" name="loginWithoutData" time="4.360"/>
  <testcase classname="tests.TC__002_LoginTest" name="loginWithoutPassword" time="3.301"/>
  <testcase classname="tests.TC__002_LoginTest" name="loginWithInvaliedPassword" time="6.105"/>
  <testcase classname="tests.TC__002_LoginTest" name="incorrectDetails" time="9.215"/>
  <testcase classname="tests.TC__002_LoginTest" name="loginwithoutRememberMe" time="10.608"/>
  <testcase classname="tests.TC__002_LoginTest" name="loginWithRememberMe" time="7.772"/>
</testsuite> <!-- tests.TC__002_LoginTest -->
