<?xml version="1.0" encoding="UTF-8"?>
<!-- Generated by org.testng.reporters.JUnitReportReporter -->
<testsuite hostname="ASHWIN" failures="0" tests="8" name="tests.TC__001_RegistrationTest" time="43.365" errors="0" timestamp="2023-10-23T13:34:46 IST" skipped="0">
  <testcase classname="tests.TC__001_RegistrationTest" name="withoutMandatoryAllField" time="7.018"/>
  <testcase classname="tests.TC__001_RegistrationTest" name="Registration" time="8.648"/>
  <testcase classname="tests.TC__001_RegistrationTest" name="registerWithExistingDataAgain" time="4.965"/>
  <testcase classname="tests.TC__001_RegistrationTest" name="withoutConfirmUsernameField" time="6.449"/>
  <testcase classname="tests.TC__001_RegistrationTest" name="invalidConfirmUsernameField" time="2.319"/>
  <testcase classname="tests.TC__001_RegistrationTest" name="withoutAgreeTermCheckBox" time="5.766"/>
  <testcase classname="tests.TC__001_RegistrationTest" name="alreadyAnUser" time="2.742"/>
  <testcase classname="tests.TC__001_RegistrationTest" name="withClickHelp" time="5.458"/>
</testsuite> <!-- tests.TC__001_RegistrationTest -->
