<?xml version="1.0" encoding="UTF-8"?>
<!-- Generated by org.testng.reporters.JUnitReportReporter -->
<testsuite hostname="ASHWIN" failures="0" tests="7" name="tests.AddPrescriptionTest" time="90.987" errors="0" timestamp="2023-10-10T09:15:16 IST" skipped="0">
  <testcase classname="tests.AddPrescriptionTest" name="withoutAddingMedicineField" time="14.815"/>
  <testcase classname="tests.AddPrescriptionTest" name="addPrescription" time="15.959"/>
  <testcase classname="tests.AddPrescriptionTest" name="printPrescription" time="8.181"/>
  <testcase classname="tests.AddPrescriptionTest" name="downloadPrescriptionAgain" time="4.406"/>
  <testcase classname="tests.AddPrescriptionTest" name="clickingBack" time="6.773"/>
  <testcase classname="tests.AddPrescriptionTest" name="cancelAddedMedicineField" time="26.394"/>
  <testcase classname="tests.AddPrescriptionTest" name="withInvaliedMedicineField" time="14.459"/>
</testsuite> <!-- tests.AddPrescriptionTest -->
