<?xml version="1.0" encoding="UTF-8"?>
<!-- Generated by org.testng.reporters.JUnitReportReporter -->
<testsuite hostname="ASHWIN" failures="0" tests="4" name="tests.LoginTestExcel" time="38.646" errors="0" timestamp="2023-09-25T09:34:31 IST" skipped="0">
  <testcase classname="tests.LoginTestExcel" name="valiedLogin" time="13.891"/>
  <testcase classname="tests.LoginTestExcel" name="InvaliedLogin1" time="9.229"/>
  <testcase classname="tests.LoginTestExcel" name="InvaliedLogin2" time="9.091"/>
  <testcase classname="tests.LoginTestExcel" name="InvaliedLogin3" time="6.435"/>
</testsuite> <!-- tests.LoginTestExcel -->
