<?xml version="1.0" encoding="UTF-8"?>
<!-- Generated by org.testng.reporters.JUnitReportReporter -->
<testsuite hostname="ASHWIN" failures="0" tests="5" name="tests.AddBillTest" time="57.088" errors="0" timestamp="2023-08-28T14:47:56 IST" skipped="0">
  <testcase classname="tests.AddBillTest" name="saveAndprintBill" time="24.302"/>
  <testcase classname="tests.AddBillTest" name="printWithoutAddingBillingItem" time="3.454"/>
  <testcase classname="tests.AddBillTest" name="addingIncorrectBillItemDetails" time="17.070"/>
  <testcase classname="tests.AddBillTest" name="printBill" time="6.387"/>
  <testcase classname="tests.AddBillTest" name="downloadBill" time="5.875"/>
</testsuite> <!-- tests.AddBillTest -->
