<?xml version="1.0" encoding="UTF-8"?>
<!-- Generated by org.testng.reporters.JUnitReportReporter -->
<testsuite hostname="ASHWIN" failures="0" tests="4" name="tests.TC__014_ReportsTest" time="71.629" errors="0" timestamp="2023-10-23T13:34:46 IST" skipped="0">
  <testcase classname="tests.TC__014_ReportsTest" name="PatientsTab" time="21.532"/>
  <testcase classname="tests.TC__014_ReportsTest" name="AddPatient" time="45.612"/>
  <testcase classname="tests.TC__014_ReportsTest" name="dateView" time="2.217"/>
  <testcase classname="tests.TC__014_ReportsTest" name="cancel" time="2.268"/>
</testsuite> <!-- tests.TC__014_ReportsTest -->
