<?xml version="1.0" encoding="UTF-8"?>
<!-- Generated by org.testng.reporters.JUnitReportReporter -->
<testsuite hostname="ASHWIN" failures="0" tests="4" name="tests.TC__008_ViewOrEditTest" time="43.711" errors="0" timestamp="2023-11-02T10:29:37 IST" skipped="0">
  <testcase classname="tests.TC__008_ViewOrEditTest" name="deleteList" time="12.427"/>
  <testcase classname="tests.TC__008_ViewOrEditTest" name="updateContactField" time="23.760"/>
  <testcase classname="tests.TC__008_ViewOrEditTest" name="withoutAddressField" time="5.316"/>
  <testcase classname="tests.TC__008_ViewOrEditTest" name="cancelEdit" time="2.208"/>
</testsuite> <!-- tests.TC__008_ViewOrEditTest -->
