<?xml version="1.0" encoding="UTF-8"?>
<!-- Generated by org.testng.reporters.JUnitReportReporter -->
<testsuite hostname="ASHWIN" failures="0" tests="1" name="tests.AppointmentsCalenderTest" time="50.030" errors="0" timestamp="2023-10-10T15:44:09 IST" skipped="0">
  <testcase classname="tests.AppointmentsCalenderTest" name="existingAppointmentInDay" time="50.030"/>
</testsuite> <!-- tests.AppointmentsCalenderTest -->
