<?xml version="1.0" encoding="UTF-8"?>
<!-- Generated by org.testng.reporters.JUnitReportReporter -->
<testsuite hostname="ASHWIN" failures="0" tests="6" name="tests.TC__002_LoginTest" time="41.814" errors="0" timestamp="2023-10-23T13:34:46 IST" skipped="0">
  <testcase classname="tests.TC__002_LoginTest" name="loginWithoutData" time="4.388"/>
  <testcase classname="tests.TC__002_LoginTest" name="loginWithoutPassword" time="3.302"/>
  <testcase classname="tests.TC__002_LoginTest" name="loginWithInvaliedPassword" time="6.241"/>
  <testcase classname="tests.TC__002_LoginTest" name="incorrectDetails" time="9.396"/>
  <testcase classname="tests.TC__002_LoginTest" name="loginwithoutRememberMe" time="10.547"/>
  <testcase classname="tests.TC__002_LoginTest" name="loginWithRememberMe" time="7.940"/>
</testsuite> <!-- tests.TC__002_LoginTest -->
