<?xml version="1.0" encoding="UTF-8"?>
<!-- Generated by org.testng.reporters.JUnitReportReporter -->
<testsuite hostname="ASHWIN" failures="0" tests="9" name="tests.TC__006_AddPatientTest" time="128.533" errors="0" timestamp="2023-10-23T13:34:46 IST" skipped="0">
  <testcase classname="tests.TC__006_AddPatientTest" name="AddPatientDataUploadFile" time="48.970"/>
  <testcase classname="tests.TC__006_AddPatientTest" name="resetPatientWithData" time="2.220"/>
  <testcase classname="tests.TC__006_AddPatientTest" name="withoutMandatoryAllData" time="5.499"/>
  <testcase classname="tests.TC__006_AddPatientTest" name="resetPatientWithoutData" time="2.177"/>
  <testcase classname="tests.TC__006_AddPatientTest" name="nameWithSpecialCharacter" time="4.557"/>
  <testcase classname="tests.TC__006_AddPatientTest" name="withIncorrectPhoneNo" time="4.515"/>
  <testcase classname="tests.TC__006_AddPatientTest" name="withIncorrectPhoneNumberWithSpace" time="10.540"/>
  <testcase classname="tests.TC__006_AddPatientTest" name="withIncorrectPhoneNoWithNumber0" time="10.608"/>
  <testcase classname="tests.TC__006_AddPatientTest" name="sameContactNoInEmergencyField" time="39.447"/>
</testsuite> <!-- tests.TC__006_AddPatientTest -->
