<?xml version="1.0" encoding="UTF-8"?>
<!-- Generated by org.testng.reporters.JUnitReportReporter -->
<testsuite hostname="ASHWIN" failures="0" tests="7" name="tests.ToDoListTest" time="39.527" errors="0" timestamp="2023-10-19T09:39:07 IST" skipped="0">
  <testcase classname="tests.ToDoListTest" name="TodolistWithoutDueDate" time="10.091"/>
  <testcase classname="tests.ToDoListTest" name="withoutTaskDetails" time="5.167"/>
  <testcase classname="tests.ToDoListTest" name="toDoListWithDueDate" time="10.082"/>
  <testcase classname="tests.ToDoListTest" name="CompletedTask" time="4.723"/>
  <testcase classname="tests.ToDoListTest" name="viewCompletedTask" time="2.110"/>
  <testcase classname="tests.ToDoListTest" name="viewOpenTask" time="2.196"/>
  <testcase classname="tests.ToDoListTest" name="deleteTask" time="5.158"/>
</testsuite> <!-- tests.ToDoListTest -->
