<?xml version="1.0" encoding="UTF-8"?>
<!-- Generated by org.testng.reporters.JUnitReportReporter -->
<testsuite hostname="ASHWIN" failures="0" tests="6" name="tests.PatientVisitTest" time="147.394" errors="0" timestamp="2023-10-19T10:34:50 IST" skipped="0">
  <testcase classname="tests.PatientVisitTest" name="addNewPatientData" time="8.541"/>
  <testcase classname="tests.PatientVisitTest" name="patientVisitWithPrimaryComplaintUpload" time="54.149"/>
  <testcase classname="tests.PatientVisitTest" name="deleteFile" time="4.615"/>
  <testcase classname="tests.PatientVisitTest" name="savePatientVisit" time="8.039"/>
  <testcase classname="tests.PatientVisitTest" name="patientVisitWithoutPrimaryComplaint" time="15.056"/>
  <testcase classname="tests.PatientVisitTest" name="followup" time="56.994"/>
</testsuite> <!-- tests.PatientVisitTest -->
