<?xml version="1.0" encoding="UTF-8"?>
<!-- Generated by org.testng.reporters.JUnitReportReporter -->
<testsuite hostname="ASHWIN" failures="0" tests="1" name="tests.HomePageTest" time="9.481" errors="0" timestamp="2023-09-26T09:55:11 IST" skipped="0">
  <testcase classname="tests.HomePageTest" name="checkTitle" time="9.481"/>
</testsuite> <!-- tests.HomePageTest -->
