<?xml version="1.0" encoding="UTF-8"?>
<!-- Generated by org.testng.reporters.JUnitReportReporter -->
<testsuite hostname="ASHWIN" failures="0" tests="1" name="tests.HomePageTest" time="10.995" errors="0" timestamp="2023-09-06T10:07:12 IST" skipped="0">
  <testcase classname="tests.HomePageTest" name="checkTitle" time="10.995"/>
</testsuite> <!-- tests.HomePageTest -->
