<?xml version="1.0" encoding="UTF-8"?>
<!-- Generated by org.testng.reporters.JUnitReportReporter -->
<testsuite hostname="ASHWIN" failures="0" tests="8" name="tests.PatientVisitTest" time="56.213" errors="0" timestamp="2023-08-28T14:47:56 IST" skipped="0">
  <testcase classname="tests.PatientVisitTest" name="addNewPatientData" time="1.450"/>
  <testcase classname="tests.PatientVisitTest" name="patientVisitWithPrimaryComplaintUpload" time="11.735"/>
  <testcase classname="tests.PatientVisitTest" name="deleteFile" time="2.664"/>
  <testcase classname="tests.PatientVisitTest" name="savePatientVisit" time="6.407"/>
  <testcase classname="tests.PatientVisitTest" name="patientVisitWithoutPrimaryComplaint" time="7.656"/>
  <testcase classname="tests.PatientVisitTest" name="cancelSymptoms" time="8.872"/>
  <testcase classname="tests.PatientVisitTest" name="cancelInvstigations" time="4.332"/>
  <testcase classname="tests.PatientVisitTest" name="followup" time="13.097"/>
</testsuite> <!-- tests.PatientVisitTest -->
