<?xml version="1.0" encoding="UTF-8"?>
<!-- Generated by org.testng.reporters.JUnitReportReporter -->
<testsuite hostname="ASHWIN" failures="0" tests="4" name="tests.ViewOrEditTest" time="34.838" errors="0" timestamp="2023-10-10T09:15:16 IST" skipped="0">
  <testcase classname="tests.ViewOrEditTest" name="deleteList" time="12.566"/>
  <testcase classname="tests.ViewOrEditTest" name="updateContactField" time="13.533"/>
  <testcase classname="tests.ViewOrEditTest" name="withoutAddressField" time="5.257"/>
  <testcase classname="tests.ViewOrEditTest" name="cancelEdit" time="3.482"/>
</testsuite> <!-- tests.ViewOrEditTest -->
