<?xml version="1.0" encoding="UTF-8"?>
<!-- Generated by org.testng.reporters.JUnitReportReporter -->
<testsuite hostname="ASHWIN" failures="0" tests="6" name="tests.LoginTest" time="28.370" errors="0" timestamp="2023-08-30T14:36:49 IST" skipped="0">
  <testcase classname="tests.LoginTest" name="loginWithoutData" time="1.184"/>
  <testcase classname="tests.LoginTest" name="loginWithoutPassword" time="2.222"/>
  <testcase classname="tests.LoginTest" name="loginWithInvaliedPassword" time="4.463"/>
  <testcase classname="tests.LoginTest" name="incorrectDetails" time="6.666"/>
  <testcase classname="tests.LoginTest" name="loginwithoutRememberMe" time="8.672"/>
  <testcase classname="tests.LoginTest" name="loginWithRememberMe" time="5.163"/>
</testsuite> <!-- tests.LoginTest -->
