<?xml version="1.0" encoding="UTF-8"?>
<!-- Generated by org.testng.reporters.JUnitReportReporter -->
<testsuite hostname="ASHWIN" failures="0" tests="4" name="tests.LoginTestDDT" time="50.929" errors="0" timestamp="2023-11-02T11:24:19 IST" skipped="0">
  <testcase classname="tests.LoginTestDDT" name="login" time="14.721"/>
  <testcase classname="tests.LoginTestDDT" name="login" time="11.699"/>
  <testcase classname="tests.LoginTestDDT" name="login" time="12.855"/>
  <testcase classname="tests.LoginTestDDT" name="login" time="11.654"/>
</testsuite> <!-- tests.LoginTestDDT -->
