<?xml version="1.0" encoding="UTF-8"?>
<!-- Generated by org.testng.reporters.JUnitReportReporter -->
<testsuite hostname="ASHWIN" failures="0" tests="9" name="tests.HomePageAppointmentTest" time="32.824" errors="0" timestamp="2023-08-30T14:36:49 IST" skipped="0">
  <testcase classname="tests.HomePageAppointmentTest" name="addAppointmentWithoutData" time="1.427"/>
  <testcase classname="tests.HomePageAppointmentTest" name="clickingPlusSign" time="0.145"/>
  <testcase classname="tests.HomePageAppointmentTest" name="addAppointmentWithoutVisitReason" time="1.547"/>
  <testcase classname="tests.HomePageAppointmentTest" name="addAppointment" time="4.608"/>
  <testcase classname="tests.HomePageAppointmentTest" name="addAppointmentwithoutContactNo" time="5.146"/>
  <testcase classname="tests.HomePageAppointmentTest" name="EditExistingAppointment" time="5.799"/>
  <testcase classname="tests.HomePageAppointmentTest" name="ClickSMSReminder" time="5.283"/>
  <testcase classname="tests.HomePageAppointmentTest" name="ClickAgainSMSReminder" time="4.575"/>
  <testcase classname="tests.HomePageAppointmentTest" name="CancelAppointment" time="4.294"/>
</testsuite> <!-- tests.HomePageAppointmentTest -->
