<?xml version="1.0" encoding="UTF-8"?>
<!-- Generated by org.testng.reporters.JUnitReportReporter -->
<testsuite hostname="ASHWIN" failures="0" tests="6" name="tests.LoginTest" time="41.504" errors="0" timestamp="2023-10-10T09:15:16 IST" skipped="0">
  <testcase classname="tests.LoginTest" name="loginWithoutData" time="4.306"/>
  <testcase classname="tests.LoginTest" name="loginWithoutPassword" time="3.371"/>
  <testcase classname="tests.LoginTest" name="loginWithInvaliedPassword" time="6.019"/>
  <testcase classname="tests.LoginTest" name="incorrectDetails" time="9.247"/>
  <testcase classname="tests.LoginTest" name="loginwithoutRememberMe" time="10.486"/>
  <testcase classname="tests.LoginTest" name="loginWithRememberMe" time="8.075"/>
</testsuite> <!-- tests.LoginTest -->
