<?xml version="1.0" encoding="UTF-8"?>
<!-- Generated by org.testng.reporters.JUnitReportReporter -->
<testsuite hostname="ASHWIN" failures="0" tests="2" name="tests.TC__003_ForgetPasswordTest" time="8.616" errors="0" timestamp="2023-10-23T13:34:46 IST" skipped="0">
  <testcase classname="tests.TC__003_ForgetPasswordTest" name="forgotpassword" time="5.933"/>
  <testcase classname="tests.TC__003_ForgetPasswordTest" name="BackLoginPage" time="2.683"/>
</testsuite> <!-- tests.TC__003_ForgetPasswordTest -->
