<?xml version="1.0" encoding="UTF-8"?>
<!-- Generated by org.testng.reporters.JUnitReportReporter -->
<testsuite hostname="ASHWIN" failures="0" tests="8" name="tests.PatientVisitTest" time="96.722" errors="0" timestamp="2023-09-06T10:07:12 IST" skipped="0">
  <testcase classname="tests.PatientVisitTest" name="addNewPatientData" time="1.485"/>
  <testcase classname="tests.PatientVisitTest" name="patientVisitWithPrimaryComplaintUpload" time="16.568"/>
  <testcase classname="tests.PatientVisitTest" name="deleteFile" time="3.978"/>
  <testcase classname="tests.PatientVisitTest" name="savePatientVisit" time="6.119"/>
  <testcase classname="tests.PatientVisitTest" name="patientVisitWithoutPrimaryComplaint" time="8.399"/>
  <testcase classname="tests.PatientVisitTest" name="cancelSymptoms" time="12.432"/>
  <testcase classname="tests.PatientVisitTest" name="cancelInvstigations" time="7.036"/>
  <testcase classname="tests.PatientVisitTest" name="followup" time="40.705"/>
</testsuite> <!-- tests.PatientVisitTest -->
