<?xml version="1.0" encoding="UTF-8"?>
<!-- Generated by org.testng.reporters.JUnitReportReporter -->
<testsuite hostname="ASHWIN" failures="0" tests="1" name="tests.DoctorProfileTest" time="124.162" errors="0" timestamp="2023-09-05T16:28:27 IST" skipped="0">
  <testcase classname="tests.DoctorProfileTest" name="saveDoctorprofile" time="124.162"/>
</testsuite> <!-- tests.DoctorProfileTest -->
