<?xml version="1.0" encoding="UTF-8"?>
<!-- Generated by org.testng.reporters.JUnitReportReporter -->
<testsuite hostname="ASHWIN" failures="0" tests="9" name="tests.HomePageAppointmentTest" time="69.968" errors="0" timestamp="2023-10-10T09:15:16 IST" skipped="0">
  <testcase classname="tests.HomePageAppointmentTest" name="addAppointmentWithoutData" time="4.372"/>
  <testcase classname="tests.HomePageAppointmentTest" name="addAppointmentWithoutVisitReason" time="9.685"/>
  <testcase classname="tests.HomePageAppointmentTest" name="addAppointment" time="6.110"/>
  <testcase classname="tests.HomePageAppointmentTest" name="addAppointmentwithoutContactNo" time="8.150"/>
  <testcase classname="tests.HomePageAppointmentTest" name="EditExistingAppointment" time="13.571"/>
  <testcase classname="tests.HomePageAppointmentTest" name="ClickSMSReminder" time="5.468"/>
  <testcase classname="tests.HomePageAppointmentTest" name="ClickAgainSMSReminder" time="5.226"/>
  <testcase classname="tests.HomePageAppointmentTest" name="CancelAppointment" time="4.838"/>
  <testcase classname="tests.HomePageAppointmentTest" name="clickSMSRemainderWithoutProperDetails" time="12.548"/>
</testsuite> <!-- tests.HomePageAppointmentTest -->
