<?xml version="1.0" encoding="UTF-8"?>
<!-- Generated by org.testng.reporters.JUnitReportReporter -->
<testsuite hostname="ASHWIN" failures="0" tests="1" name="tests.HomePageTest" time="11.099" errors="0" timestamp="2023-08-30T14:36:49 IST" skipped="0">
  <testcase classname="tests.HomePageTest" name="checkTitle" time="11.099"/>
</testsuite> <!-- tests.HomePageTest -->
