<?xml version="1.0" encoding="UTF-8"?>
<!-- Generated by org.testng.reporters.JUnitReportReporter -->
<testsuite hostname="ASHWIN" failures="0" tests="8" name="tests.RegistrationTest" time="33.486" errors="0" timestamp="2023-08-28T14:47:56 IST" skipped="0">
  <testcase classname="tests.RegistrationTest" name="withoutMandatoryAllField" time="4.185"/>
  <testcase classname="tests.RegistrationTest" name="Registration" time="3.819"/>
  <testcase classname="tests.RegistrationTest" name="registerWithExistingDataAgain" time="4.303"/>
  <testcase classname="tests.RegistrationTest" name="withoutConfirmUsernameField" time="2.878"/>
  <testcase classname="tests.RegistrationTest" name="invalidConfirmUsernameField" time="3.743"/>
  <testcase classname="tests.RegistrationTest" name="withoutAgreeTermCheckBox" time="2.775"/>
  <testcase classname="tests.RegistrationTest" name="withClickHelp" time="10.246"/>
  <testcase classname="tests.RegistrationTest" name="alreadyAnUser" time="1.537"/>
</testsuite> <!-- tests.RegistrationTest -->
