<?xml version="1.0" encoding="UTF-8"?>
<!-- Generated by org.testng.reporters.JUnitReportReporter -->
<testsuite hostname="ASHWIN" failures="0" tests="9" name="tests.AppointmentsCalenderTest" time="248.187" errors="0" timestamp="2023-10-19T10:50:58 IST" skipped="0">
  <testcase classname="tests.AppointmentsCalenderTest" name="AddAppointmentsCalender" time="16.269"/>
  <testcase classname="tests.AppointmentsCalenderTest" name="AddAppointmentWithoutVisitReason" time="15.548"/>
  <testcase classname="tests.AppointmentsCalenderTest" name="addPatientWithoutContactNo" time="15.584"/>
  <testcase classname="tests.AppointmentsCalenderTest" name="updateWithInvaliedData" time="14.477"/>
  <testcase classname="tests.AppointmentsCalenderTest" name="updateAppointmentWithValidData" time="20.220"/>
  <testcase classname="tests.AppointmentsCalenderTest" name="existingAppointmentInMonth" time="43.029"/>
  <testcase classname="tests.AppointmentsCalenderTest" name="existingAppointmentInWeek" time="39.030"/>
  <testcase classname="tests.AppointmentsCalenderTest" name="existingAppointmentInDay" time="60.769"/>
  <testcase classname="tests.AppointmentsCalenderTest" name="agenda" time="23.261"/>
</testsuite> <!-- tests.AppointmentsCalenderTest -->
