<?xml version="1.0" encoding="UTF-8"?>
<!-- Generated by org.testng.reporters.JUnitReportReporter -->
<testsuite hostname="ASHWIN" failures="0" tests="4" name="tests.LoginTestDDT" time="37.229" errors="0" timestamp="2023-09-25T09:34:31 IST" skipped="0">
  <testcase classname="tests.LoginTestDDT" name="login" time="8.290"/>
  <testcase classname="tests.LoginTestDDT" name="login" time="8.349"/>
  <testcase classname="tests.LoginTestDDT" name="login" time="12.141"/>
  <testcase classname="tests.LoginTestDDT" name="login" time="8.449"/>
</testsuite> <!-- tests.LoginTestDDT -->
