<?xml version="1.0" encoding="UTF-8"?>
<!-- Generated by org.testng.reporters.JUnitReportReporter -->
<testsuite hostname="ASHWIN" failures="0" tests="6" name="tests.AddPatientTest" time="2.059" errors="0" timestamp="2023-08-16T09:24:42 IST" skipped="0">
  <testcase classname="tests.AddPatientTest" name="AddPatient" time="2.032"/>
  <testcase classname="tests.AddPatientTest" name="resetPatientData" time="0.005"/>
  <testcase classname="tests.AddPatientTest" name="withoutMandatoryAllData" time="0.008"/>
  <testcase classname="tests.AddPatientTest" name="nameWithSpecialCharacter" time="0.004"/>
  <testcase classname="tests.AddPatientTest" name="withIncorrectPhoneNo" time="0.005"/>
  <testcase classname="tests.AddPatientTest" name="sameContactNoInEmergencyField" time="0.005"/>
</testsuite> <!-- tests.AddPatientTest -->
