<?xml version="1.0" encoding="UTF-8"?>
<!-- Generated by org.testng.reporters.JUnitReportReporter -->
<testsuite hostname="ASHWIN" failures="0" tests="4" name="tests.ReportsTest" time="35.935" errors="0" timestamp="2023-08-28T14:47:56 IST" skipped="0">
  <testcase classname="tests.ReportsTest" name="PatientsTab" time="11.195"/>
  <testcase classname="tests.ReportsTest" name="AddPatient" time="20.785"/>
  <testcase classname="tests.ReportsTest" name="dateView" time="1.488"/>
  <testcase classname="tests.ReportsTest" name="cancel" time="2.467"/>
</testsuite> <!-- tests.ReportsTest -->
