<?xml version="1.0" encoding="UTF-8"?>
<!-- Generated by org.testng.reporters.JUnitReportReporter -->
<testsuite hostname="ASHWIN" failures="0" tests="4" name="tests.TC__008_ViewOrEditTest" time="41.634" errors="0" timestamp="2023-10-23T13:34:46 IST" skipped="0">
  <testcase classname="tests.TC__008_ViewOrEditTest" name="deleteList" time="12.367"/>
  <testcase classname="tests.TC__008_ViewOrEditTest" name="updateContactField" time="21.732"/>
  <testcase classname="tests.TC__008_ViewOrEditTest" name="withoutAddressField" time="5.304"/>
  <testcase classname="tests.TC__008_ViewOrEditTest" name="cancelEdit" time="2.231"/>
</testsuite> <!-- tests.TC__008_ViewOrEditTest -->
