<?xml version="1.0" encoding="UTF-8"?>
<!-- Generated by org.testng.reporters.JUnitReportReporter -->
<testsuite hostname="ASHWIN" failures="0" tests="1" name="tests.ViewBillTest" time="22.737" errors="0" timestamp="2023-08-30T14:36:49 IST" skipped="0">
  <testcase classname="tests.ViewBillTest" name="viewBill" time="22.737"/>
</testsuite> <!-- tests.ViewBillTest -->
