<?xml version="1.0" encoding="UTF-8"?>
<!-- Generated by org.testng.reporters.JUnitReportReporter -->
<testsuite hostname="ASHWIN" failures="0" tests="4" name="tests.LoginTestExcel" time="61.569" errors="0" timestamp="2023-10-10T21:47:02 IST" skipped="0">
  <testcase classname="tests.LoginTestExcel" name="valiedLogin" time="19.240"/>
  <testcase classname="tests.LoginTestExcel" name="InvaliedLogin1" time="14.310"/>
  <testcase classname="tests.LoginTestExcel" name="InvaliedLogin2" time="16.521"/>
  <testcase classname="tests.LoginTestExcel" name="InvaliedLogin3" time="11.498"/>
</testsuite> <!-- tests.LoginTestExcel -->
