<?xml version="1.0" encoding="UTF-8"?>
<!-- Generated by org.testng.reporters.JUnitReportReporter -->
<testsuite hostname="ASHWIN" failures="0" tests="7" name="tests.AddPrescriptionTest" time="50.071" errors="0" timestamp="2023-09-06T14:10:16 IST" skipped="0">
  <testcase classname="tests.AddPrescriptionTest" name="withoutAddingMedicineField" time="7.925"/>
  <testcase classname="tests.AddPrescriptionTest" name="addPrescription" time="8.824"/>
  <testcase classname="tests.AddPrescriptionTest" name="printPrescription" time="7.190"/>
  <testcase classname="tests.AddPrescriptionTest" name="downloadPrescriptionAgain" time="2.279"/>
  <testcase classname="tests.AddPrescriptionTest" name="clickingBack" time="5.525"/>
  <testcase classname="tests.AddPrescriptionTest" name="cancelAddedMedicineField" time="10.819"/>
  <testcase classname="tests.AddPrescriptionTest" name="withInvaliedMedicineField" time="7.509"/>
</testsuite> <!-- tests.AddPrescriptionTest -->
