<?xml version="1.0" encoding="UTF-8"?>
<!-- Generated by org.testng.reporters.JUnitReportReporter -->
<testsuite hostname="ASHWIN" failures="0" tests="1" name="tests.HomePageTest" time="10.894" errors="0" timestamp="2023-08-28T14:47:56 IST" skipped="0">
  <testcase classname="tests.HomePageTest" name="checkTitle" time="10.894"/>
</testsuite> <!-- tests.HomePageTest -->
