<?xml version="1.0" encoding="UTF-8"?>
<!-- Generated by org.testng.reporters.JUnitReportReporter -->
<testsuite hostname="ASHWIN" failures="0" tests="7" name="tests.AddPrescriptionTest" time="63.028" errors="0" timestamp="2023-08-28T14:47:55 IST" skipped="0">
  <testcase classname="tests.AddPrescriptionTest" name="withoutAddingMedicineField" time="6.196"/>
  <testcase classname="tests.AddPrescriptionTest" name="addPrescription" time="8.217"/>
  <testcase classname="tests.AddPrescriptionTest" name="printPrescription" time="2.181"/>
  <testcase classname="tests.AddPrescriptionTest" name="downloadPrescriptionAgain" time="2.389"/>
  <testcase classname="tests.AddPrescriptionTest" name="clickingBack" time="5.585"/>
  <testcase classname="tests.AddPrescriptionTest" name="cancelAddedMedicineField" time="31.938"/>
  <testcase classname="tests.AddPrescriptionTest" name="withInvaliedMedicineField" time="6.522"/>
</testsuite> <!-- tests.AddPrescriptionTest -->
