<?xml version="1.0" encoding="UTF-8"?>
<!-- Generated by org.testng.reporters.JUnitReportReporter -->
<testsuite hostname="ASHWIN" failures="0" tests="2" name="tests.ViewPrescriptionTest" time="6.542" errors="0" timestamp="2023-08-28T14:47:56 IST" skipped="0">
  <testcase classname="tests.ViewPrescriptionTest" name="viewPrescription" time="5.158"/>
  <testcase classname="tests.ViewPrescriptionTest" name="patientDetails" time="1.384"/>
</testsuite> <!-- tests.ViewPrescriptionTest -->
