<?xml version="1.0" encoding="UTF-8"?>
<!-- Generated by org.testng.reporters.JUnitReportReporter -->
<testsuite hostname="ASHWIN" failures="0" tests="2" name="tests.TC__003_ForgetPasswordTest" time="8.391" errors="0" timestamp="2023-11-02T10:29:37 IST" skipped="0">
  <testcase classname="tests.TC__003_ForgetPasswordTest" name="forgotpassword" time="5.821"/>
  <testcase classname="tests.TC__003_ForgetPasswordTest" name="BackLoginPage" time="2.570"/>
</testsuite> <!-- tests.TC__003_ForgetPasswordTest -->
