<?xml version="1.0" encoding="UTF-8"?>
<!-- Generated by org.testng.reporters.JUnitReportReporter -->
<testsuite hostname="ASHWIN" failures="0" tests="7" name="tests.ToDoListTest" time="30.430" errors="0" timestamp="2023-08-30T14:49:03 IST" skipped="0">
  <testcase classname="tests.ToDoListTest" name="Todolist" time="7.121"/>
  <testcase classname="tests.ToDoListTest" name="withoutTaskDetails" time="5.752"/>
  <testcase classname="tests.ToDoListTest" name="withoutDueDate" time="7.340"/>
  <testcase classname="tests.ToDoListTest" name="CompletedTask" time="4.423"/>
  <testcase classname="tests.ToDoListTest" name="viewCompletedTask" time="1.211"/>
  <testcase classname="tests.ToDoListTest" name="viewOpenTask" time="1.179"/>
  <testcase classname="tests.ToDoListTest" name="deleteTask" time="3.404"/>
</testsuite> <!-- tests.ToDoListTest -->
