<?xml version="1.0" encoding="UTF-8"?>
<!-- Generated by org.testng.reporters.JUnitReportReporter -->
<testsuite hostname="ASHWIN" failures="0" tests="9" name="tests.TC__006_AddPatientTest" time="132.869" errors="0" timestamp="2023-11-02T10:29:37 IST" skipped="0">
  <testcase classname="tests.TC__006_AddPatientTest" name="AddPatientDataUploadFile" time="50.924"/>
  <testcase classname="tests.TC__006_AddPatientTest" name="resetPatientWithData" time="2.485"/>
  <testcase classname="tests.TC__006_AddPatientTest" name="withoutMandatoryAllData" time="5.527"/>
  <testcase classname="tests.TC__006_AddPatientTest" name="resetPatientWithoutData" time="2.179"/>
  <testcase classname="tests.TC__006_AddPatientTest" name="nameWithSpecialCharacter" time="5.052"/>
  <testcase classname="tests.TC__006_AddPatientTest" name="withIncorrectPhoneNo" time="4.692"/>
  <testcase classname="tests.TC__006_AddPatientTest" name="withIncorrectPhoneNumberWithSpace" time="11.373"/>
  <testcase classname="tests.TC__006_AddPatientTest" name="withIncorrectPhoneNoWithNumber0" time="10.524"/>
  <testcase classname="tests.TC__006_AddPatientTest" name="sameContactNoInEmergencyField" time="40.113"/>
</testsuite> <!-- tests.TC__006_AddPatientTest -->
