<?xml version="1.0" encoding="UTF-8"?>
<!-- Generated by org.testng.reporters.JUnitReportReporter -->
<testsuite hostname="ASHWIN" failures="0" tests="5" name="tests.ViewOrEditTest" time="29.521" errors="0" timestamp="2023-08-30T16:42:47 IST" skipped="0">
  <testcase classname="tests.ViewOrEditTest" name="deleteList" time="7.878"/>
  <testcase classname="tests.ViewOrEditTest" name="updateContactField" time="7.581"/>
  <testcase classname="tests.ViewOrEditTest" name="withoutAddressField" time="8.251"/>
  <testcase classname="tests.ViewOrEditTest" name="withoutMandatoryData" time="4.562"/>
  <testcase classname="tests.ViewOrEditTest" name="cancelEdit" time="1.249"/>
</testsuite> <!-- tests.ViewOrEditTest -->
