<?xml version="1.0" encoding="UTF-8"?>
<!-- Generated by org.testng.reporters.JUnitReportReporter -->
<testsuite hostname="ASHWIN" failures="0" tests="6" name="tests.LoginTest" time="7.985" errors="0" timestamp="2023-08-21T23:16:03 IST" skipped="0">
  <testcase classname="tests.LoginTest" name="loginWithoutData" time="0.197"/>
  <testcase classname="tests.LoginTest" name="loginWithoutPassword" time="0.285"/>
  <testcase classname="tests.LoginTest" name="loginWithInvaliedPassword" time="1.233"/>
  <testcase classname="tests.LoginTest" name="incorrectDetails" time="1.320"/>
  <testcase classname="tests.LoginTest" name="loginwithoutRememberMe" time="2.878"/>
  <testcase classname="tests.LoginTest" name="loginWithRememberMe" time="2.072"/>
</testsuite> <!-- tests.LoginTest -->
