<?xml version="1.0" encoding="UTF-8"?>
<!-- Generated by org.testng.reporters.JUnitReportReporter -->
<testsuite hostname="ASHWIN" failures="0" tests="6" name="tests.AddBillTest" time="106.052" errors="0" timestamp="2023-10-10T10:25:08 IST" skipped="0">
  <testcase classname="tests.AddBillTest" name="saveAndprintBill" time="35.232"/>
  <testcase classname="tests.AddBillTest" name="clickResetBtn" time="12.173"/>
  <testcase classname="tests.AddBillTest" name="printWithoutAddingBillingItem" time="12.277"/>
  <testcase classname="tests.AddBillTest" name="addingIncorrectBillItemDetails" time="22.075"/>
  <testcase classname="tests.AddBillTest" name="printBill" time="13.181"/>
  <testcase classname="tests.AddBillTest" name="downloadBill" time="11.114"/>
</testsuite> <!-- tests.AddBillTest -->
